0 info it worked if it ends with ok
1 verbose cli [ 'node', '/usr/local/opt/nvm/v0.10.28/bin/npm', 'start' ]
2 info using npm@2.13.0
3 info using node@v0.12.0
4 verbose run-script [ 'prestart', 'start', 'poststart' ]
5 info prestart scoutr@0.0.1
6 verbose unsafe-perm in lifecycle true
7 info start scoutr@0.0.1
8 verbose unsafe-perm in lifecycle true
9 info scoutr@0.0.1 Failed to exec start script
10 verbose stack Error: scoutr@0.0.1 start: `http-server -a localhost -p 8100 -c-1`
10 verbose stack Exit status 1
10 verbose stack     at EventEmitter.<anonymous> (/usr/local/Cellar/nvm/0.11.1/v0.10.28/lib/node_modules/npm/lib/utils/lifecycle.js:213:16)
10 verbose stack     at EventEmitter.emit (events.js:110:17)
10 verbose stack     at ChildProcess.<anonymous> (/usr/local/Cellar/nvm/0.11.1/v0.10.28/lib/node_modules/npm/lib/utils/spawn.js:24:14)
10 verbose stack     at ChildProcess.emit (events.js:110:17)
10 verbose stack     at maybeClose (child_process.js:1008:16)
10 verbose stack     at Process.ChildProcess._handle.onexit (child_process.js:1080:5)
11 verbose pkgid scoutr@0.0.1
12 verbose cwd /Users/gareth/Developer/Scoutr
13 error Darwin 15.0.0
14 error argv "node" "/usr/local/opt/nvm/v0.10.28/bin/npm" "start"
15 error node v0.12.0
16 error npm  v2.13.0
17 error code ELIFECYCLE
18 error scoutr@0.0.1 start: `http-server -a localhost -p 8100 -c-1`
18 error Exit status 1
19 error Failed at the scoutr@0.0.1 start script 'http-server -a localhost -p 8100 -c-1'.
19 error This is most likely a problem with the scoutr package,
19 error not with npm itself.
19 error Tell the author that this fails on your system:
19 error     http-server -a localhost -p 8100 -c-1
19 error You can get their info via:
19 error     npm owner ls scoutr
19 error There is likely additional logging output above.
20 verbose exit [ 1, true ]
